2015/02/25 17:52:41 [error] [exception.CDbException] exception 'CDbException' with message 'CDbConnection failed to open the DB connection: SQLSTATE[42000] [1044] Access denied for user 'camjoha_turismo'@'localhost' to database 'turismo'' in /home2/camjoha/public_html/yii/framework/db/CDbConnection.php:287
Stack trace:
#0 /home2/camjoha/public_html/yii/framework/db/CDbConnection.php(260): CDbConnection->open()
#1 /home2/camjoha/public_html/yii/framework/db/CDbConnection.php(238): CDbConnection->setActive(true)
#2 /home2/camjoha/public_html/yii/framework/base/CModule.php(372): CDbConnection->init()
#3 /home2/camjoha/public_html/yii/framework/base/CModule.php(86): CModule->getComponent('db')
#4 /home2/camjoha/public_html/yii/framework/gii/generators/model/ModelCode.php(56): CModule->__get('db')
#5 /home2/camjoha/public_html/yii/framework/web/CFormModel.php(40): ModelCode->init()
#6 /home2/camjoha/public_html/yii/framework/gii/CCodeGenerator.php(154): CFormModel->__construct()
#7 /home2/camjoha/public_html/yii/framework/gii/CCodeGenerator.php(64): CCodeGenerator->prepare()
#8 /home2/camjoha/public_html/yii/framework/web/actions/CInlineAction.php(57): CCodeGenerator->actionIndex()
#9 /home2/camjoha/public_html/yii/framework/web/CController.php(300): CInlineAction->run()
#10 /home2/camjoha/public_html/yii/framework/web/CController.php(278): CController->runAction(Object(CInlineAction))
#11 /home2/camjoha/public_html/yii/framework/web/CController.php(257): CController->runActionWithFilters(Object(CInlineAction), Array)
#12 /home2/camjoha/public_html/yii/framework/web/CWebApplication.php(328): CController->run('')
#13 /home2/camjoha/public_html/yii/framework/web/CWebApplication.php(121): CWebApplication->runController('gii/model')
#14 /home2/camjoha/public_html/yii/framework/base/CApplication.php(155): CWebApplication->processRequest()
#15 /home2/camjoha/public_html/turismo/index.php(13): CApplication->run()
#16 {main} REQUEST_URI=/turismo/index.php?r=gii/model
2015/02/25 17:54:06 [error] [exception.CException] exception 'CException' with message 'Property "CMysqlColumnSchema.autoIncrement" is not defined.' in /home2/camjoha/public_html/yii/framework/base/CComponent.php:131
Stack trace:
#0 /home2/camjoha/public_html/yii/framework/gii/generators/model/ModelCode.php(216): CComponent->__get('autoIncrement')
#1 /home2/camjoha/public_html/yii/framework/gii/generators/model/ModelCode.php(102): ModelCode->generateRules(Object(CMysqlTableSchema))
#2 /home2/camjoha/public_html/yii/framework/gii/CCodeGenerator.php(163): ModelCode->prepare()
#3 /home2/camjoha/public_html/yii/framework/gii/CCodeGenerator.php(64): CCodeGenerator->prepare()
#4 /home2/camjoha/public_html/yii/framework/web/actions/CInlineAction.php(57): CCodeGenerator->actionIndex()
#5 /home2/camjoha/public_html/yii/framework/web/CController.php(300): CInlineAction->run()
#6 /home2/camjoha/public_html/yii/framework/web/CController.php(278): CController->runAction(Object(CInlineAction))
#7 /home2/camjoha/public_html/yii/framework/web/CController.php(257): CController->runActionWithFilters(Object(CInlineAction), Array)
#8 /home2/camjoha/public_html/yii/framework/web/CWebApplication.php(328): CController->run('')
#9 /home2/camjoha/public_html/yii/framework/web/CWebApplication.php(121): CWebApplication->runController('gii/model')
#10 /home2/camjoha/public_html/yii/framework/base/CApplication.php(155): CWebApplication->processRequest()
#11 /home2/camjoha/public_html/turismo/index.php(13): CApplication->run()
#12 {main} REQUEST_URI=/turismo/index.php?r=gii/model
2015/02/25 17:55:55 [error] [exception.CException] exception 'CException' with message 'Property "CMysqlColumnSchema.autoIncrement" is not defined.' in /home2/camjoha/public_html/yii/framework/base/CComponent.php:131
Stack trace:
#0 /home2/camjoha/public_html/yii/framework/gii/generators/model/ModelCode.php(216): CComponent->__get('autoIncrement')
#1 /home2/camjoha/public_html/yii/framework/gii/generators/model/ModelCode.php(102): ModelCode->generateRules(Object(CMysqlTableSchema))
#2 /home2/camjoha/public_html/yii/framework/gii/CCodeGenerator.php(163): ModelCode->prepare()
#3 /home2/camjoha/public_html/yii/framework/gii/CCodeGenerator.php(64): CCodeGenerator->prepare()
#4 /home2/camjoha/public_html/yii/framework/web/actions/CInlineAction.php(57): CCodeGenerator->actionIndex()
#5 /home2/camjoha/public_html/yii/framework/web/CController.php(300): CInlineAction->run()
#6 /home2/camjoha/public_html/yii/framework/web/CController.php(278): CController->runAction(Object(CInlineAction))
#7 /home2/camjoha/public_html/yii/framework/web/CController.php(257): CController->runActionWithFilters(Object(CInlineAction), Array)
#8 /home2/camjoha/public_html/yii/framework/web/CWebApplication.php(328): CController->run('')
#9 /home2/camjoha/public_html/yii/framework/web/CWebApplication.php(121): CWebApplication->runController('gii/model')
#10 /home2/camjoha/public_html/yii/framework/base/CApplication.php(155): CWebApplication->processRequest()
#11 /home2/camjoha/public_html/turismo/index.php(13): CApplication->run()
#12 {main} REQUEST_URI=/turismo/index.php?r=gii/model
2015/02/25 17:58:02 [error] [exception.CException] exception 'CException' with message 'Property "CMysqlColumnSchema.autoIncrement" is not defined.' in /home2/camjoha/public_html/yii/framework/base/CComponent.php:131
Stack trace:
#0 /home2/camjoha/public_html/yii/framework/gii/generators/model/ModelCode.php(216): CComponent->__get('autoIncrement')
#1 /home2/camjoha/public_html/yii/framework/gii/generators/model/ModelCode.php(102): ModelCode->generateRules(Object(CMysqlTableSchema))
#2 /home2/camjoha/public_html/yii/framework/gii/CCodeGenerator.php(163): ModelCode->prepare()
#3 /home2/camjoha/public_html/yii/framework/gii/CCodeGenerator.php(64): CCodeGenerator->prepare()
#4 /home2/camjoha/public_html/yii/framework/web/actions/CInlineAction.php(57): CCodeGenerator->actionIndex()
#5 /home2/camjoha/public_html/yii/framework/web/CController.php(300): CInlineAction->run()
#6 /home2/camjoha/public_html/yii/framework/web/CController.php(278): CController->runAction(Object(CInlineAction))
#7 /home2/camjoha/public_html/yii/framework/web/CController.php(257): CController->runActionWithFilters(Object(CInlineAction), Array)
#8 /home2/camjoha/public_html/yii/framework/web/CWebApplication.php(328): CController->run('')
#9 /home2/camjoha/public_html/yii/framework/web/CWebApplication.php(121): CWebApplication->runController('gii/model')
#10 /home2/camjoha/public_html/yii/framework/base/CApplication.php(155): CWebApplication->processRequest()
#11 /home2/camjoha/public_html/turismo/index.php(13): CApplication->run()
#12 {main} REQUEST_URI=/turismo/index.php?r=gii/model
2015/02/25 18:07:15 [error] [exception.CException] exception 'CException' with message 'Property "CMysqlColumnSchema.autoIncrement" is not defined.' in /home2/camjoha/public_html/yii/framework/base/CComponent.php:131
Stack trace:
#0 /home2/camjoha/public_html/yii/framework/gii/generators/model/ModelCode.php(216): CComponent->__get('autoIncrement')
#1 /home2/camjoha/public_html/yii/framework/gii/generators/model/ModelCode.php(102): ModelCode->generateRules(Object(CMysqlTableSchema))
#2 /home2/camjoha/public_html/yii/framework/gii/CCodeGenerator.php(163): ModelCode->prepare()
#3 /home2/camjoha/public_html/yii/framework/gii/CCodeGenerator.php(64): CCodeGenerator->prepare()
#4 /home2/camjoha/public_html/yii/framework/web/actions/CInlineAction.php(57): CCodeGenerator->actionIndex()
#5 /home2/camjoha/public_html/yii/framework/web/CController.php(300): CInlineAction->run()
#6 /home2/camjoha/public_html/yii/framework/web/CController.php(278): CController->runAction(Object(CInlineAction))
#7 /home2/camjoha/public_html/yii/framework/web/CController.php(257): CController->runActionWithFilters(Object(CInlineAction), Array)
#8 /home2/camjoha/public_html/yii/framework/web/CWebApplication.php(328): CController->run('')
#9 /home2/camjoha/public_html/yii/framework/web/CWebApplication.php(121): CWebApplication->runController('gii/model')
#10 /home2/camjoha/public_html/yii/framework/base/CApplication.php(155): CWebApplication->processRequest()
#11 /home2/camjoha/public_html/turismo/index.php(13): CApplication->run()
#12 {main} REQUEST_URI=/turismo/index.php?r=gii/model
2015/02/25 18:09:30 [error] [exception.CException] exception 'CException' with message 'Property "CMysqlColumnSchema.autoIncrement" is not defined.' in /home2/camjoha/public_html/yii/framework/base/CComponent.php:131
Stack trace:
#0 /home2/camjoha/public_html/yii/framework/gii/generators/model/ModelCode.php(216): CComponent->__get('autoIncrement')
#1 /home2/camjoha/public_html/yii/framework/gii/generators/model/ModelCode.php(102): ModelCode->generateRules(Object(CMysqlTableSchema))
#2 /home2/camjoha/public_html/yii/framework/gii/CCodeGenerator.php(163): ModelCode->prepare()
#3 /home2/camjoha/public_html/yii/framework/gii/CCodeGenerator.php(64): CCodeGenerator->prepare()
#4 /home2/camjoha/public_html/yii/framework/web/actions/CInlineAction.php(57): CCodeGenerator->actionIndex()
#5 /home2/camjoha/public_html/yii/framework/web/CController.php(300): CInlineAction->run()
#6 /home2/camjoha/public_html/yii/framework/web/CController.php(278): CController->runAction(Object(CInlineAction))
#7 /home2/camjoha/public_html/yii/framework/web/CController.php(257): CController->runActionWithFilters(Object(CInlineAction), Array)
#8 /home2/camjoha/public_html/yii/framework/web/CWebApplication.php(328): CController->run('')
#9 /home2/camjoha/public_html/yii/framework/web/CWebApplication.php(121): CWebApplication->runController('gii/model')
#10 /home2/camjoha/public_html/yii/framework/base/CApplication.php(155): CWebApplication->processRequest()
#11 /home2/camjoha/public_html/turismo/index.php(13): CApplication->run()
#12 {main} REQUEST_URI=/turismo/index.php?r=gii/model
